Started at Thu Mar 28 04:46:19 UTC 2024
Processing jarexe
Offering jarexe to Project Build Discarder
Processing pipelinejenkiens
Offering pipelinejenkiens to Project Build Discarder
Processing sample
Offering sample to Project Build Discarder
Finished at Thu Mar 28 04:46:19 UTC 2024. 83ms
Started at Thu Mar 28 05:46:19 UTC 2024
Processing jarexe
Offering jarexe to Project Build Discarder
Processing pipelinejenkiens
Offering pipelinejenkiens to Project Build Discarder
Processing sample
Offering sample to Project Build Discarder
Finished at Thu Mar 28 05:46:19 UTC 2024. 10ms
Started at Thu Mar 28 06:46:19 UTC 2024
Processing jarexe
Offering jarexe to Project Build Discarder
Processing pipelinejenkiens
Offering pipelinejenkiens to Project Build Discarder
Processing sample
Offering sample to Project Build Discarder
Finished at Thu Mar 28 06:46:19 UTC 2024. 12ms
Started at Thu Mar 28 07:46:19 UTC 2024
Processing jarexe
Offering jarexe to Project Build Discarder
Processing pipelinejenkiens
Offering pipelinejenkiens to Project Build Discarder
Processing sample
Offering sample to Project Build Discarder
Finished at Thu Mar 28 07:46:19 UTC 2024. 10ms
Started at Thu Mar 28 08:46:19 UTC 2024
Processing jarexe
Offering jarexe to Project Build Discarder
Processing pipelinejenkiens
Offering pipelinejenkiens to Project Build Discarder
Processing sample
Offering sample to Project Build Discarder
Finished at Thu Mar 28 08:46:19 UTC 2024. 40ms
